<?xml version="1.0" encoding="UTF-8"?>
<testsuite xmlns:xsi="http://www.w3.org/2001/XMLSchema-instance" xsi:noNamespaceSchemaLocation="https://maven.apache.org/surefire/maven-surefire-plugin/xsd/surefire-test-report-3.0.xsd" version="3.0" name="StringUtilsTest" time="0.031" tests="5" errors="0" skipped="0" failures="0">
  <properties>
[...]
</properties>
  <testcase name="testConcat_nonEmptyAndEmptyString_success" classname="StringUtilsTest" time="0.017"/>
  <testcase name="testConcat_validArguments_success" classname="StringUtilsTest" time="0.001"/>
  <testcase name="testConcat_emptyStrings_success" classname="StringUtilsTest" time="0.002"/>
  <testcase name="testConcat_nullSecondArgument_throwsException" classname="StringUtilsTest" time="0.001"/>
  <testcase name="testConcat_nullFirstArgument_throwsException" classname="StringUtilsTest" time="0.001"/>
</testsuite>